# JRE version: Java(TM) SE Runtime Environment (7.0_79-b15) (build 1.7.0_79-b15)
# Java VM: Java HotSpot(TM) 64-Bit Server VM (24.79-b02 mixed mode bsd-amd64 compressed oops)
Heap
 PSYoungGen      total 107520K, used 58020K [0x00000007f5500000, 0x00000007ff800000, 0x0000000800000000)
  eden space 101376K, 51% used [0x00000007f5500000,0x00000007f87d5f40,0x00000007fb800000)
  from space 6144K, 97% used [0x00000007fba80000,0x00000007fc053260,0x00000007fc080000)
  to   space 32768K, 0% used [0x00000007fd800000,0x00000007fd800000,0x00000007ff800000)
 ParOldGen       total 202752K, used 112248K [0x00000007e0000000, 0x00000007ec600000, 0x00000007f5500000)
  object space 202752K, 55% used [0x00000007e0000000,0x00000007e6d9e3a8,0x00000007ec600000)
 PSPermGen       total 131072K, used 128167K [0x00000007d8000000, 0x00000007e0000000, 0x00000007e0000000)
  object space 131072K, 97% used [0x00000007d8000000,0x00000007dfd29f80,0x00000007e0000000)
GC Heap History (10 events):
Event: 186.184 GC heap before
{Heap before GC invocations=44 (full 1):
 PSYoungGen      total 133120K, used 106708K [0x00000007f5500000, 0x00000007ffc80000, 0x0000000800000000)
  eden space 94720K, 100% used [0x00000007f5500000,0x00000007fb180000,0x00000007fb180000)
  from space 38400K, 31% used [0x00000007fd700000,0x00000007fe2b5300,0x00000007ffc80000)
  to   space 38400K, 0% used [0x00000007fb180000,0x00000007fb180000,0x00000007fd700000)
 ParOldGen       total 202752K, used 112248K [0x00000007e0000000, 0x00000007ec600000, 0x00000007f5500000)
  object space 202752K, 55% used [0x00000007e0000000,0x00000007e6d9e3a8,0x00000007ec600000)
 PSPermGen       total 131072K, used 127879K [0x00000007d8000000, 0x00000007e0000000, 0x00000007e0000000)
  object space 131072K, 97% used [0x00000007d8000000,0x00000007dfce1fb0,0x00000007e0000000)
Event: 186.191 GC heap after
Heap after GC invocations=44 (full 1):
 PSYoungGen      total 133120K, used 13011K [0x00000007f5500000, 0x00000007ffc00000, 0x0000000800000000)
  eden space 94720K, 0% used [0x00000007f5500000,0x00000007f5500000,0x00000007fb180000)
  from space 38400K, 33% used [0x00000007fb180000,0x00000007fbe34d48,0x00000007fd700000)
  to   space 36352K, 0% used [0x00000007fd880000,0x00000007fd880000,0x00000007ffc00000)
 ParOldGen       total 202752K, used 112248K [0x00000007e0000000, 0x00000007ec600000, 0x00000007f5500000)
  object space 202752K, 55% used [0x00000007e0000000,0x00000007e6d9e3a8,0x00000007ec600000)
 PSPermGen       total 131072K, used 127879K [0x00000007d8000000, 0x00000007e0000000, 0x00000007e0000000)
  object space 131072K, 97% used [0x00000007d8000000,0x00000007dfce1fb0,0x00000007e0000000)
}
Event: 561.186 GC heap before
{Heap before GC invocations=45 (full 1):
 PSYoungGen      total 133120K, used 107731K [0x00000007f5500000, 0x00000007ffc00000, 0x0000000800000000)
  eden space 94720K, 100% used [0x00000007f5500000,0x00000007fb180000,0x00000007fb180000)
  from space 38400K, 33% used [0x00000007fb180000,0x00000007fbe34d48,0x00000007fd700000)
  to   space 36352K, 0% used [0x00000007fd880000,0x00000007fd880000,0x00000007ffc00000)
 ParOldGen       total 202752K, used 112248K [0x00000007e0000000, 0x00000007ec600000, 0x00000007f5500000)
  object space 202752K, 55% used [0x00000007e0000000,0x00000007e6d9e3a8,0x00000007ec600000)
 PSPermGen       total 131072K, used 127914K [0x00000007d8000000, 0x00000007e0000000, 0x00000007e0000000)
  object space 131072K, 97% used [0x00000007d8000000,0x00000007dfcea9b0,0x00000007e0000000)
Event: 561.192 GC heap after
Heap after GC invocations=45 (full 1):
 PSYoungGen      total 135168K, used 12427K [0x00000007f5500000, 0x00000007ffb00000, 0x0000000800000000)
  eden space 99840K, 0% used [0x00000007f5500000,0x00000007f5500000,0x00000007fb680000)
  from space 35328K, 35% used [0x00000007fd880000,0x00000007fe4a2f58,0x00000007ffb00000)
  to   space 34816K, 0% used [0x00000007fb680000,0x00000007fb680000,0x00000007fd880000)
 ParOldGen       total 202752K, used 112248K [0x00000007e0000000, 0x00000007ec600000, 0x00000007f5500000)
  object space 202752K, 55% used [0x00000007e0000000,0x00000007e6d9e3a8,0x00000007ec600000)
 PSPermGen       total 131072K, used 127914K [0x00000007d8000000, 0x00000007e0000000, 0x00000007e0000000)
  object space 131072K, 97% used [0x00000007d8000000,0x00000007dfcea9b0,0x00000007e0000000)
}
Event: 622.674 GC heap before
{Heap before GC invocations=46 (full 1):
 PSYoungGen      total 135168K, used 112267K [0x00000007f5500000, 0x00000007ffb00000, 0x0000000800000000)
  eden space 99840K, 100% used [0x00000007f5500000,0x00000007fb680000,0x00000007fb680000)
  from space 35328K, 35% used [0x00000007fd880000,0x00000007fe4a2f58,0x00000007ffb00000)
  to   space 34816K, 0% used [0x00000007fb680000,0x00000007fb680000,0x00000007fd880000)
 ParOldGen       total 202752K, used 112248K [0x00000007e0000000, 0x00000007ec600000, 0x00000007f5500000)
  object space 202752K, 55% used [0x00000007e0000000,0x00000007e6d9e3a8,0x00000007ec600000)
 PSPermGen       total 131072K, used 127936K [0x00000007d8000000, 0x00000007e0000000, 0x00000007e0000000)
  object space 131072K, 97% used [0x00000007d8000000,0x00000007dfcf0398,0x00000007e0000000)
Event: 622.680 GC heap after
Heap after GC invocations=46 (full 1):
 PSYoungGen      total 134656K, used 6700K [0x00000007f5500000, 0x00000007ffe80000, 0x0000000800000000)
  eden space 99840K, 0% used [0x00000007f5500000,0x00000007f5500000,0x00000007fb680000)
  from space 34816K, 19% used [0x00000007fb680000,0x00000007fbd0b1e0,0x00000007fd880000)
  to   space 34304K, 0% used [0x00000007fdd00000,0x00000007fdd00000,0x00000007ffe80000)
 ParOldGen       total 202752K, used 112248K [0x00000007e0000000, 0x00000007ec600000, 0x00000007f5500000)
  object space 202752K, 55% used [0x00000007e0000000,0x00000007e6d9e3a8,0x00000007ec600000)
 PSPermGen       total 131072K, used 127936K [0x00000007d8000000, 0x00000007e0000000, 0x00000007e0000000)
  object space 131072K, 97% used [0x00000007d8000000,0x00000007dfcf0398,0x00000007e0000000)
}
Event: 703.274 GC heap before
{Heap before GC invocations=47 (full 1):
 PSYoungGen      total 134656K, used 106540K [0x00000007f5500000, 0x00000007ffe80000, 0x0000000800000000)
  eden space 99840K, 100% used [0x00000007f5500000,0x00000007fb680000,0x00000007fb680000)
  from space 34816K, 19% used [0x00000007fb680000,0x00000007fbd0b1e0,0x00000007fd880000)
  to   space 34304K, 0% used [0x00000007fdd00000,0x00000007fdd00000,0x00000007ffe80000)
 ParOldGen       total 202752K, used 112248K [0x00000007e0000000, 0x00000007ec600000, 0x00000007f5500000)
  object space 202752K, 55% used [0x00000007e0000000,0x00000007e6d9e3a8,0x00000007ec600000)
 PSPermGen       total 131072K, used 127963K [0x00000007d8000000, 0x00000007e0000000, 0x00000007e0000000)
  object space 131072K, 97% used [0x00000007d8000000,0x00000007dfcf6e68,0x00000007e0000000)
Event: 703.280 GC heap after
Heap after GC invocations=47 (full 1):
 PSYoungGen      total 136192K, used 6668K [0x00000007f5500000, 0x00000007ffc80000, 0x0000000800000000)
  eden space 103936K, 0% used [0x00000007f5500000,0x00000007f5500000,0x00000007fba80000)
  from space 32256K, 20% used [0x00000007fdd00000,0x00000007fe383250,0x00000007ffc80000)
  to   space 33792K, 0% used [0x00000007fba80000,0x00000007fba80000,0x00000007fdb80000)
 ParOldGen       total 202752K, used 112248K [0x00000007e0000000, 0x00000007ec600000, 0x00000007f5500000)
  object space 202752K, 55% used [0x00000007e0000000,0x00000007e6d9e3a8,0x00000007ec600000)
 PSPermGen       total 131072K, used 127963K [0x00000007d8000000, 0x00000007e0000000, 0x00000007e0000000)
  object space 131072K, 97% used [0x00000007d8000000,0x00000007dfcf6e68,0x00000007e0000000)
}
Event: 798.392 GC heap before
{Heap before GC invocations=48 (full 1):
 PSYoungGen      total 136192K, used 110604K [0x00000007f5500000, 0x00000007ffc80000, 0x0000000800000000)
  eden space 103936K, 100% used [0x00000007f5500000,0x00000007fba80000,0x00000007fba80000)
  from space 32256K, 20% used [0x00000007fdd00000,0x00000007fe383250,0x00000007ffc80000)
  to   space 33792K, 0% used [0x00000007fba80000,0x00000007fba80000,0x00000007fdb80000)
 ParOldGen       total 202752K, used 112248K [0x00000007e0000000, 0x00000007ec600000, 0x00000007f5500000)
  object space 202752K, 55% used [0x00000007e0000000,0x00000007e6d9e3a8,0x00000007ec600000)
 PSPermGen       total 131072K, used 128136K [0x00000007d8000000, 0x00000007e0000000, 0x00000007e0000000)
  object space 131072K, 97% used [0x00000007d8000000,0x00000007dfd22100,0x00000007e0000000)
Event: 798.414 GC heap after
Heap after GC invocations=48 (full 1):
 PSYoungGen      total 107520K, used 5964K [0x00000007f5500000, 0x00000007ff800000, 0x0000000800000000)
  eden space 101376K, 0% used [0x00000007f5500000,0x00000007f5500000,0x00000007fb800000)
  from space 6144K, 97% used [0x00000007fba80000,0x00000007fc053260,0x00000007fc080000)
  to   space 32768K, 0% used [0x00000007fd800000,0x00000007fd800000,0x00000007ff800000)
 ParOldGen       total 202752K, used 112248K [0x00000007e0000000, 0x00000007ec600000, 0x00000007f5500000)
  object space 202752K, 55% used [0x00000007e0000000,0x00000007e6d9e3a8,0x00000007ec600000)
 PSPermGen       total 131072K, used 128136K [0x00000007d8000000, 0x00000007e0000000, 0x00000007e0000000)
  object space 131072K, 97% used [0x00000007d8000000,0x00000007dfd22100,0x00000007e0000000)
}

