# JRE version: 7.0_11-b21
# Java VM: Java HotSpot(TM) 64-Bit Server VM (23.6-b04 mixed mode windows-amd64 compressed oops)
Heap
 PSYoungGen      total 236352K, used 221899K [0x00000000eaab0000, 0x00000000ff280000, 0x0000000100000000)
  eden space 202944K, 92% used [0x00000000eaab0000,0x00000000f62d00c8,0x00000000f70e0000)
  from space 33408K, 99% used [0x00000000f7720000,0x00000000f97b2d78,0x00000000f97c0000)
  to   space 66368K, 0% used [0x00000000fb1b0000,0x00000000fb1b0000,0x00000000ff280000)
 ParOldGen       total 349568K, used 59881K [0x00000000c0000000, 0x00000000d5560000, 0x00000000eaab0000)
  object space 349568K, 17% used [0x00000000c0000000,0x00000000c3a7a718,0x00000000d5560000)
 PSPermGen       total 81920K, used 81752K [0x00000000b0000000, 0x00000000b5000000, 0x00000000c0000000)
  object space 81920K, 99% used [0x00000000b0000000,0x00000000b4fd6370,0x00000000b5000000)
GC Heap History (10 events):
Event: 49.747 GC heap before
{Heap before GC invocations=5 (full 0):
 PSYoungGen      total 152896K, used 152889K [0x00000000eaab0000, 0x00000000f5550000, 0x0000000100000000)
  eden space 131072K, 100% used [0x00000000eaab0000,0x00000000f2ab0000,0x00000000f2ab0000)
  from space 21824K, 99% used [0x00000000f4000000,0x00000000f554e5b0,0x00000000f5550000)
  to   space 21824K, 0% used [0x00000000f2ab0000,0x00000000f2ab0000,0x00000000f4000000)
 ParOldGen       total 349568K, used 10187K [0x00000000c0000000, 0x00000000d5560000, 0x00000000eaab0000)
  object space 349568K, 2% used [0x00000000c0000000,0x00000000c09f2d60,0x00000000d5560000)
 PSPermGen       total 46400K, used 46253K [0x00000000b0000000, 0x00000000b2d50000, 0x00000000c0000000)
  object space 46400K, 99% used [0x00000000b0000000,0x00000000b2d2b740,0x00000000b2d50000)
Event: 49.784 GC heap after
Heap after GC invocations=5 (full 0):
 PSYoungGen      total 152896K, used 21802K [0x00000000eaab0000, 0x00000000ffe30000, 0x0000000100000000)
  eden space 131072K, 0% used [0x00000000eaab0000,0x00000000eaab0000,0x00000000f2ab0000)
  from space 21824K, 99% used [0x00000000f2ab0000,0x00000000f3ffaad0,0x00000000f4000000)
  to   space 42752K, 0% used [0x00000000fd470000,0x00000000fd470000,0x00000000ffe30000)
 ParOldGen       total 349568K, used 21156K [0x00000000c0000000, 0x00000000d5560000, 0x00000000eaab0000)
  object space 349568K, 6% used [0x00000000c0000000,0x00000000c14a9210,0x00000000d5560000)
 PSPermGen       total 46400K, used 46253K [0x00000000b0000000, 0x00000000b2d50000, 0x00000000c0000000)
  object space 46400K, 99% used [0x00000000b0000000,0x00000000b2d2b740,0x00000000b2d50000)
}
Event: 143.100 GC heap before
{Heap before GC invocations=6 (full 0):
 PSYoungGen      total 152896K, used 152874K [0x00000000eaab0000, 0x00000000ffe30000, 0x0000000100000000)
  eden space 131072K, 100% used [0x00000000eaab0000,0x00000000f2ab0000,0x00000000f2ab0000)
  from space 21824K, 99% used [0x00000000f2ab0000,0x00000000f3ffaad0,0x00000000f4000000)
  to   space 42752K, 0% used [0x00000000fd470000,0x00000000fd470000,0x00000000ffe30000)
 ParOldGen       total 349568K, used 21156K [0x00000000c0000000, 0x00000000d5560000, 0x00000000eaab0000)
  object space 349568K, 6% used [0x00000000c0000000,0x00000000c14a9210,0x00000000d5560000)
 PSPermGen       total 59648K, used 59584K [0x00000000b0000000, 0x00000000b3a40000, 0x00000000c0000000)
  object space 59648K, 99% used [0x00000000b0000000,0x00000000b3a30398,0x00000000b3a40000)
Event: 143.150 GC heap after
Heap after GC invocations=6 (full 0):
 PSYoungGen      total 303040K, used 31385K [0x00000000eaab0000, 0x0000000100000000, 0x0000000100000000)
  eden space 260288K, 0% used [0x00000000eaab0000,0x00000000eaab0000,0x00000000fa8e0000)
  from space 42752K, 73% used [0x00000000fd470000,0x00000000ff316798,0x00000000ffe30000)
  to   space 44608K, 0% used [0x00000000fa8e0000,0x00000000fa8e0000,0x00000000fd470000)
 ParOldGen       total 349568K, used 21164K [0x00000000c0000000, 0x00000000d5560000, 0x00000000eaab0000)
  object space 349568K, 6% used [0x00000000c0000000,0x00000000c14ab210,0x00000000d5560000)
 PSPermGen       total 59648K, used 59584K [0x00000000b0000000, 0x00000000b3a40000, 0x00000000c0000000)
  object space 59648K, 99% used [0x00000000b0000000,0x00000000b3a30398,0x00000000b3a40000)
}
Event: 259.544 GC heap before
{Heap before GC invocations=7 (full 0):
 PSYoungGen      total 303040K, used 291673K [0x00000000eaab0000, 0x0000000100000000, 0x0000000100000000)
  eden space 260288K, 100% used [0x00000000eaab0000,0x00000000fa8e0000,0x00000000fa8e0000)
  from space 42752K, 73% used [0x00000000fd470000,0x00000000ff316798,0x00000000ffe30000)
  to   space 44608K, 0% used [0x00000000fa8e0000,0x00000000fa8e0000,0x00000000fd470000)
 ParOldGen       total 349568K, used 21164K [0x00000000c0000000, 0x00000000d5560000, 0x00000000eaab0000)
  object space 349568K, 6% used [0x00000000c0000000,0x00000000c14ab210,0x00000000d5560000)
 PSPermGen       total 61952K, used 61902K [0x00000000b0000000, 0x00000000b3c80000, 0x00000000c0000000)
  object space 61952K, 99% used [0x00000000b0000000,0x00000000b3c73bf0,0x00000000b3c80000)
Event: 259.603 GC heap after
Heap after GC invocations=7 (full 0):
 PSYoungGen      total 299520K, used 39194K [0x00000000eaab0000, 0x0000000100000000, 0x0000000100000000)
  eden space 260288K, 0% used [0x00000000eaab0000,0x00000000eaab0000,0x00000000fa8e0000)
  from space 39232K, 99% used [0x00000000fa8e0000,0x00000000fcf26b90,0x00000000fcf30000)
  to   space 49472K, 0% used [0x00000000fcfb0000,0x00000000fcfb0000,0x0000000100000000)
 ParOldGen       total 349568K, used 25692K [0x00000000c0000000, 0x00000000d5560000, 0x00000000eaab0000)
  object space 349568K, 7% used [0x00000000c0000000,0x00000000c1917320,0x00000000d5560000)
 PSPermGen       total 61952K, used 61902K [0x00000000b0000000, 0x00000000b3c80000, 0x00000000c0000000)
  object space 61952K, 99% used [0x00000000b0000000,0x00000000b3c73bf0,0x00000000b3c80000)
}
Event: 1130.303 GC heap before
{Heap before GC invocations=8 (full 0):
 PSYoungGen      total 299520K, used 299482K [0x00000000eaab0000, 0x0000000100000000, 0x0000000100000000)
  eden space 260288K, 100% used [0x00000000eaab0000,0x00000000fa8e0000,0x00000000fa8e0000)
  from space 39232K, 99% used [0x00000000fa8e0000,0x00000000fcf26b90,0x00000000fcf30000)
  to   space 49472K, 0% used [0x00000000fcfb0000,0x00000000fcfb0000,0x0000000100000000)
 ParOldGen       total 349568K, used 25692K [0x00000000c0000000, 0x00000000d5560000, 0x00000000eaab0000)
  object space 349568K, 7% used [0x00000000c0000000,0x00000000c1917320,0x00000000d5560000)
 PSPermGen       total 76928K, used 76837K [0x00000000b0000000, 0x00000000b4b20000, 0x00000000c0000000)
  object space 76928K, 99% used [0x00000000b0000000,0x00000000b4b09630,0x00000000b4b20000)
Event: 1130.404 GC heap after
Heap after GC invocations=8 (full 0):
 PSYoungGen      total 258816K, used 49464K [0x00000000eaab0000, 0x0000000100000000, 0x0000000100000000)
  eden space 209344K, 0% used [0x00000000eaab0000,0x00000000eaab0000,0x00000000f7720000)
  from space 49472K, 99% used [0x00000000fcfb0000,0x00000000ffffe138,0x0000000100000000)
  to   space 70080K, 0% used [0x00000000f7720000,0x00000000f7720000,0x00000000fbb90000)
 ParOldGen       total 349568K, used 55823K [0x00000000c0000000, 0x00000000d5560000, 0x00000000eaab0000)
  object space 349568K, 15% used [0x00000000c0000000,0x00000000c3683c00,0x00000000d5560000)
 PSPermGen       total 76928K, used 76837K [0x00000000b0000000, 0x00000000b4b20000, 0x00000000c0000000)
  object space 76928K, 99% used [0x00000000b0000000,0x00000000b4b09630,0x00000000b4b20000)
}
Event: 1137.064 GC heap before
{Heap before GC invocations=9 (full 0):
 PSYoungGen      total 258816K, used 258808K [0x00000000eaab0000, 0x0000000100000000, 0x0000000100000000)
  eden space 209344K, 100% used [0x00000000eaab0000,0x00000000f7720000,0x00000000f7720000)
  from space 49472K, 99% used [0x00000000fcfb0000,0x00000000ffffe138,0x0000000100000000)
  to   space 70080K, 0% used [0x00000000f7720000,0x00000000f7720000,0x00000000fbb90000)
 ParOldGen       total 349568K, used 55823K [0x00000000c0000000, 0x00000000d5560000, 0x00000000eaab0000)
  object space 349568K, 15% used [0x00000000c0000000,0x00000000c3683c00,0x00000000d5560000)
 PSPermGen       total 81536K, used 81371K [0x00000000b0000000, 0x00000000b4fa0000, 0x00000000c0000000)
  object space 81536K, 99% used [0x00000000b0000000,0x00000000b4f76f38,0x00000000b4fa0000)
Event: 1137.117 GC heap after
Heap after GC invocations=9 (full 0):
 PSYoungGen      total 236352K, used 33355K [0x00000000eaab0000, 0x00000000ff280000, 0x0000000100000000)
  eden space 202944K, 0% used [0x00000000eaab0000,0x00000000eaab0000,0x00000000f70e0000)
  from space 33408K, 99% used [0x00000000f7720000,0x00000000f97b2d78,0x00000000f97c0000)
  to   space 66368K, 0% used [0x00000000fb1b0000,0x00000000fb1b0000,0x00000000ff280000)
 ParOldGen       total 349568K, used 59881K [0x00000000c0000000, 0x00000000d5560000, 0x00000000eaab0000)
  object space 349568K, 17% used [0x00000000c0000000,0x00000000c3a7a718,0x00000000d5560000)
 PSPermGen       total 81536K, used 81371K [0x00000000b0000000, 0x00000000b4fa0000, 0x00000000c0000000)
  object space 81536K, 99% used [0x00000000b0000000,0x00000000b4f76f38,0x00000000b4fa0000)
}

