# JRE version: 7.0_10-b18
# Java VM: Java HotSpot(TM) 64-Bit Server VM (23.6-b04 mixed mode windows-amd64 compressed oops)
Heap
 PSYoungGen      total 275648K, used 230776K [0x00000000eaab0000, 0x0000000100000000, 0x0000000100000000)
  eden space 210880K, 97% used [0x00000000eaab0000,0x00000000f7336868,0x00000000f78a0000)
  from space 64768K, 39% used [0x00000000fc0c0000,0x00000000fd997890,0x0000000100000000)
  to   space 69312K, 0% used [0x00000000f78a0000,0x00000000f78a0000,0x00000000fbc50000)
 ParOldGen       total 349568K, used 100748K [0x00000000c0000000, 0x00000000d5560000, 0x00000000eaab0000)
  object space 349568K, 28% used [0x00000000c0000000,0x00000000c62633f0,0x00000000d5560000)
 PSPermGen       total 93440K, used 93418K [0x00000000b0000000, 0x00000000b5b40000, 0x00000000c0000000)
  object space 93440K, 99% used [0x00000000b0000000,0x00000000b5b3aa90,0x00000000b5b40000)
GC Heap History (10 events):
Event: 22.930 GC heap before
{Heap before GC invocations=6 (full 0):
 PSYoungGen      total 152896K, used 146682K [0x00000000eaab0000, 0x00000000fcf70000, 0x0000000100000000)
  eden space 131072K, 100% used [0x00000000eaab0000,0x00000000f2ab0000,0x00000000f2ab0000)
  from space 21824K, 71% used [0x00000000f2ab0000,0x00000000f39eeae8,0x00000000f4000000)
  to   space 18816K, 0% used [0x00000000fbd10000,0x00000000fbd10000,0x00000000fcf70000)
 ParOldGen       total 349568K, used 104K [0x00000000c0000000, 0x00000000d5560000, 0x00000000eaab0000)
  object space 349568K, 0% used [0x00000000c0000000,0x00000000c001a010,0x00000000d5560000)
 PSPermGen       total 55232K, used 55105K [0x00000000b0000000, 0x00000000b35f0000, 0x00000000c0000000)
  object space 55232K, 99% used [0x00000000b0000000,0x00000000b35d0408,0x00000000b35f0000)
Event: 23.001 GC heap after
Heap after GC invocations=6 (full 0):
 PSYoungGen      total 270144K, used 18790K [0x00000000eaab0000, 0x00000000fe490000, 0x0000000100000000)
  eden space 251328K, 0% used [0x00000000eaab0000,0x00000000eaab0000,0x00000000fa020000)
  from space 18816K, 99% used [0x00000000fbd10000,0x00000000fcf69a88,0x00000000fcf70000)
  to   space 29632K, 0% used [0x00000000fa020000,0x00000000fa020000,0x00000000fbd10000)
 ParOldGen       total 349568K, used 15238K [0x00000000c0000000, 0x00000000d5560000, 0x00000000eaab0000)
  object space 349568K, 4% used [0x00000000c0000000,0x00000000c0ee1908,0x00000000d5560000)
 PSPermGen       total 55232K, used 55105K [0x00000000b0000000, 0x00000000b35f0000, 0x00000000c0000000)
  object space 55232K, 99% used [0x00000000b0000000,0x00000000b35d0408,0x00000000b35f0000)
}
Event: 34.096 GC heap before
{Heap before GC invocations=7 (full 0):
 PSYoungGen      total 270144K, used 270118K [0x00000000eaab0000, 0x00000000fe490000, 0x0000000100000000)
  eden space 251328K, 100% used [0x00000000eaab0000,0x00000000fa020000,0x00000000fa020000)
  from space 18816K, 99% used [0x00000000fbd10000,0x00000000fcf69a88,0x00000000fcf70000)
  to   space 29632K, 0% used [0x00000000fa020000,0x00000000fa020000,0x00000000fbd10000)
 ParOldGen       total 349568K, used 15238K [0x00000000c0000000, 0x00000000d5560000, 0x00000000eaab0000)
  object space 349568K, 4% used [0x00000000c0000000,0x00000000c0ee1908,0x00000000d5560000)
 PSPermGen       total 64640K, used 64535K [0x00000000b0000000, 0x00000000b3f20000, 0x00000000c0000000)
  object space 64640K, 99% used [0x00000000b0000000,0x00000000b3f05d90,0x00000000b3f20000)
Event: 34.216 GC heap after
Heap after GC invocations=7 (full 0):
 PSYoungGen      total 280960K, used 29603K [0x00000000eaab0000, 0x0000000100000000, 0x0000000100000000)
  eden space 251328K, 0% used [0x00000000eaab0000,0x00000000eaab0000,0x00000000fa020000)
  from space 29632K, 99% used [0x00000000fa020000,0x00000000fbd08c58,0x00000000fbd10000)
  to   space 50880K, 0% used [0x00000000fce50000,0x00000000fce50000,0x0000000100000000)
 ParOldGen       total 349568K, used 48097K [0x00000000c0000000, 0x00000000d5560000, 0x00000000eaab0000)
  object space 349568K, 13% used [0x00000000c0000000,0x00000000c2ef8598,0x00000000d5560000)
 PSPermGen       total 64640K, used 64535K [0x00000000b0000000, 0x00000000b3f20000, 0x00000000c0000000)
  object space 64640K, 99% used [0x00000000b0000000,0x00000000b3f05d90,0x00000000b3f20000)
}
Event: 44.228 GC heap before
{Heap before GC invocations=8 (full 0):
 PSYoungGen      total 280960K, used 280931K [0x00000000eaab0000, 0x0000000100000000, 0x0000000100000000)
  eden space 251328K, 100% used [0x00000000eaab0000,0x00000000fa020000,0x00000000fa020000)
  from space 29632K, 99% used [0x00000000fa020000,0x00000000fbd08c58,0x00000000fbd10000)
  to   space 50880K, 0% used [0x00000000fce50000,0x00000000fce50000,0x0000000100000000)
 ParOldGen       total 349568K, used 48097K [0x00000000c0000000, 0x00000000d5560000, 0x00000000eaab0000)
  object space 349568K, 13% used [0x00000000c0000000,0x00000000c2ef8598,0x00000000d5560000)
 PSPermGen       total 77888K, used 77874K [0x00000000b0000000, 0x00000000b4c10000, 0x00000000c0000000)
  object space 77888K, 99% used [0x00000000b0000000,0x00000000b4c0cad8,0x00000000b4c10000)
Event: 44.330 GC heap after
Heap after GC invocations=8 (full 0):
 PSYoungGen      total 274688K, used 50877K [0x00000000eaab0000, 0x0000000100000000, 0x0000000100000000)
  eden space 223808K, 0% used [0x00000000eaab0000,0x00000000eaab0000,0x00000000f8540000)
  from space 50880K, 99% used [0x00000000fce50000,0x00000000fffff6f8,0x0000000100000000)
  to   space 62848K, 0% used [0x00000000f8540000,0x00000000f8540000,0x00000000fc2a0000)
 ParOldGen       total 349568K, used 55201K [0x00000000c0000000, 0x00000000d5560000, 0x00000000eaab0000)
  object space 349568K, 15% used [0x00000000c0000000,0x00000000c35e8790,0x00000000d5560000)
 PSPermGen       total 77888K, used 77874K [0x00000000b0000000, 0x00000000b4c10000, 0x00000000c0000000)
  object space 77888K, 99% used [0x00000000b0000000,0x00000000b4c0cad8,0x00000000b4c10000)
}
Event: 46.370 GC heap before
{Heap before GC invocations=9 (full 0):
 PSYoungGen      total 274688K, used 274685K [0x00000000eaab0000, 0x0000000100000000, 0x0000000100000000)
  eden space 223808K, 100% used [0x00000000eaab0000,0x00000000f8540000,0x00000000f8540000)
  from space 50880K, 99% used [0x00000000fce50000,0x00000000fffff6f8,0x0000000100000000)
  to   space 62848K, 0% used [0x00000000f8540000,0x00000000f8540000,0x00000000fc2a0000)
 ParOldGen       total 349568K, used 55201K [0x00000000c0000000, 0x00000000d5560000, 0x00000000eaab0000)
  object space 349568K, 15% used [0x00000000c0000000,0x00000000c35e8790,0x00000000d5560000)
 PSPermGen       total 81536K, used 81392K [0x00000000b0000000, 0x00000000b4fa0000, 0x00000000c0000000)
  object space 81536K, 99% used [0x00000000b0000000,0x00000000b4f7c040,0x00000000b4fa0000)
Event: 46.466 GC heap after
Heap after GC invocations=9 (full 0):
 PSYoungGen      total 284736K, used 60919K [0x00000000eaab0000, 0x0000000100000000, 0x0000000100000000)
  eden space 223808K, 0% used [0x00000000eaab0000,0x00000000eaab0000,0x00000000f8540000)
  from space 60928K, 99% used [0x00000000f8540000,0x00000000fc0bdfd0,0x00000000fc0c0000)
  to   space 64768K, 0% used [0x00000000fc0c0000,0x00000000fc0c0000,0x0000000100000000)
 ParOldGen       total 349568K, used 67950K [0x00000000c0000000, 0x00000000d5560000, 0x00000000eaab0000)
  object space 349568K, 19% used [0x00000000c0000000,0x00000000c425b8a8,0x00000000d5560000)
 PSPermGen       total 81536K, used 81392K [0x00000000b0000000, 0x00000000b4fa0000, 0x00000000c0000000)
  object space 81536K, 99% used [0x00000000b0000000,0x00000000b4f7c040,0x00000000b4fa0000)
}
Event: 542.926 GC heap before
{Heap before GC invocations=10 (full 0):
 PSYoungGen      total 284736K, used 284727K [0x00000000eaab0000, 0x0000000100000000, 0x0000000100000000)
  eden space 223808K, 100% used [0x00000000eaab0000,0x00000000f8540000,0x00000000f8540000)
  from space 60928K, 99% used [0x00000000f8540000,0x00000000fc0bdfd0,0x00000000fc0c0000)
  to   space 64768K, 0% used [0x00000000fc0c0000,0x00000000fc0c0000,0x0000000100000000)
 ParOldGen       total 349568K, used 67950K [0x00000000c0000000, 0x00000000d5560000, 0x00000000eaab0000)
  object space 349568K, 19% used [0x00000000c0000000,0x00000000c425b8a8,0x00000000d5560000)
 PSPermGen       total 93056K, used 93032K [0x00000000b0000000, 0x00000000b5ae0000, 0x00000000c0000000)
  object space 93056K, 99% used [0x00000000b0000000,0x00000000b5ada160,0x00000000b5ae0000)
Event: 543.039 GC heap after
Heap after GC invocations=10 (full 0):
 PSYoungGen      total 275648K, used 25438K [0x00000000eaab0000, 0x0000000100000000, 0x0000000100000000)
  eden space 210880K, 0% used [0x00000000eaab0000,0x00000000eaab0000,0x00000000f78a0000)
  from space 64768K, 39% used [0x00000000fc0c0000,0x00000000fd997890,0x0000000100000000)
  to   space 69312K, 0% used [0x00000000f78a0000,0x00000000f78a0000,0x00000000fbc50000)
 ParOldGen       total 349568K, used 100748K [0x00000000c0000000, 0x00000000d5560000, 0x00000000eaab0000)
  object space 349568K, 28% used [0x00000000c0000000,0x00000000c62633f0,0x00000000d5560000)
 PSPermGen       total 93056K, used 93032K [0x00000000b0000000, 0x00000000b5ae0000, 0x00000000c0000000)
  object space 93056K, 99% used [0x00000000b0000000,0x00000000b5ada160,0x00000000b5ae0000)
}

